


ARM Macro Assembler    Page 1 


    1 00000000                 AREA             RESET, CODE, READONLY
    2 00000000                 EXPORT           __Vectors
    3 00000000         __Vectors
    4 00000000 20001000 
              00000001 
              00000000 
              00000000 
              00000000 
              00000000 
              00000000 
              00000000 
              00000000 
              00000000 
              00000000 
              00000001 
              00000000 
              00000000 
              00000000 
              00000000 
              00000000 
              00000000 
              00000000 
              00000000 
              00000000 
              00000000 
              00000000         DCD              0x20001000,Reset_Handler+1,0,0,
0,0,0,0,0,0, 0,SVC_handler+1,0,0,0,0,0,0,0,0,0,0,0
    5 0000005C         
    6 0000005C                 AREA             mycode, CODE, READONLY
    7 00000000                 ENTRY
    8 00000000                 EXPORT           Reset_Handler
    9 00000000         Reset_Handler
   10 00000000 4917            LDR              R1, =0x20000200
   11 00000002 F381 8809       MSR              PSP, R1
   12 00000006         
   13 00000006 F04F 0003       MOV              R0, #3
   14 0000000A F380 8814       MSR              CONTROL, R0
   15 0000000E         
   16 0000000E 4F15            LDR              R7, =SRC
   17 00000010 F857 1B04       LDR              R1, [R7], #4
   18 00000014 683A            LDR              R2, [R7]
   19 00000016 F8DF 8050       LDR              R8, =DST
   20 0000001A DF2A            SVC              42
   21 0000001C         
   22 0000001C E7FE    STOP    B                STOP
   23 0000001E         
   24 0000001E         SVC_handler
   25 0000001E B50F            PUSH             {R0-R3, LR}
   26 00000020         
   27 00000020 F01E 0F04       TST              LR, #4      ;1 = PSP, 0 = MSP
   28 00000024 BF14 F3EF 
              8009             MRSNE            R0, PSP
   29 0000002A F3EF 8008       MRSEQ            R0, MSP
   30 0000002E 6981            LDR              R1, [R0, #24]
   31 00000030 F811 1C02       LDRB             R1, [R1, #-2]
   32 00000034         
   33 00000034 292A            CMP              R1, #42     ; SVC Comparison
   34 00000036 D107            BNE              SVC_Subtraction
   35 00000038         ;Addition



ARM Macro Assembler    Page 2 


   36 00000038 4A0B            LDR              R2, =DST
   37 0000003A 4C0A            LDR              R4, =SRC
   38 0000003C 6825            LDR              R5, [R4]    ; First SRC value 
   39 0000003E 6866            LDR              R6, [R4, #4] ; Second SRC value
                                                            
   40 00000040         
   41 00000040 EB05 0306       ADD              R3, R5, R6
   42 00000044 6013            STR              R3, [R2]
   43 00000046 E006            B                SVC_Exit
   44 00000048         
   45 00000048         SVC_Subtraction
   46 00000048 4A07            LDR              R2, =DST
   47 0000004A 4C06            LDR              R4, =SRC
   48 0000004C 6825            LDR              R5, [R4]    ;first SRC value
   49 0000004E 6866            LDR              R6, [R4, #4] ; second SRC value
                                                            
   50 00000050         
   51 00000050 EBA5 0306       SUB              R3, R5, R6
   52 00000054 6013            STR              R3, [R2]
   53 00000056         
   54 00000056         SVC_Exit
   55 00000056 BD0F            POP              {R0-R3, PC}
   56 00000058         
   57 00000058 00000606 
              00000606 SRC     DCD              01542, 01542
   58 00000060 20000200 
              00000000 
              00000000 
              00000000 
              00000000 
              00000000 
              00000000         AREA             RES, DATA, READWRITE
   59 00000000 00000000 
              00000000 DST     DCD              0, 0
   60 00000008                 END
Command Line: --debug --xref --diag_suppress=9931 --cpu=Cortex-M4.fp --apcs=int
erwork --depend=.\objects\main.d -o.\objects\main.o -I.\RTE\_Target_1 -IC:\Keil
_v5\ARM\PACK\Keil\STM32F4xx_DFP\2.17.0\Drivers\CMSIS\Device\ST\STM32F4xx\Includ
e -IC:\Keil_v5\ARM\CMSIS\Include --predefine="__EVAL SETA 1" --predefine="__UVI
SION_VERSION SETA 526" --predefine="STM32F407xx SETA 1" --list=.\listings\main.
lst main.s



ARM Macro Assembler    Page 1 Alphabetic symbol ordering
Relocatable symbols

RESET 00000000

Symbol: RESET
   Definitions
      At line 1 in file main.s
   Uses
      None
Comment: RESET unused
__Vectors 00000000

Symbol: __Vectors
   Definitions
      At line 3 in file main.s
   Uses
      At line 2 in file main.s
Comment: __Vectors used once
2 symbols



ARM Macro Assembler    Page 1 Alphabetic symbol ordering
Relocatable symbols

Reset_Handler 00000000

Symbol: Reset_Handler
   Definitions
      At line 9 in file main.s
   Uses
      At line 4 in file main.s
      At line 8 in file main.s

SRC 00000058

Symbol: SRC
   Definitions
      At line 57 in file main.s
   Uses
      At line 16 in file main.s
      At line 37 in file main.s
      At line 47 in file main.s

STOP 0000001C

Symbol: STOP
   Definitions
      At line 22 in file main.s
   Uses
      At line 22 in file main.s
Comment: STOP used once
SVC_Exit 00000056

Symbol: SVC_Exit
   Definitions
      At line 54 in file main.s
   Uses
      At line 43 in file main.s
Comment: SVC_Exit used once
SVC_Subtraction 00000048

Symbol: SVC_Subtraction
   Definitions
      At line 45 in file main.s
   Uses
      At line 34 in file main.s
Comment: SVC_Subtraction used once
SVC_handler 0000001E

Symbol: SVC_handler
   Definitions
      At line 24 in file main.s
   Uses
      At line 4 in file main.s
Comment: SVC_handler used once
mycode 00000000

Symbol: mycode
   Definitions
      At line 6 in file main.s
   Uses
      None
Comment: mycode unused



ARM Macro Assembler    Page 2 Alphabetic symbol ordering
Relocatable symbols

7 symbols



ARM Macro Assembler    Page 1 Alphabetic symbol ordering
Relocatable symbols

DST 00000000

Symbol: DST
   Definitions
      At line 59 in file main.s
   Uses
      At line 19 in file main.s
      At line 36 in file main.s
      At line 46 in file main.s

RES 00000000

Symbol: RES
   Definitions
      At line 58 in file main.s
   Uses
      None
Comment: RES unused
2 symbols
347 symbols in table
